[0.660s] DEBUG:colcon:Command line arguments: ['/usr/bin/colcon', 'list', '-p', '--base-paths', '/home/ehsan/Documents/GitHub/Fun/Qt_ws']
[0.660s] DEBUG:colcon:Parsed command line arguments: Namespace(log_base=None, log_level=None, verb_name='list', build_base='build', ignore_user_meta=False, metas=['./colcon.meta'], base_paths=['/home/ehsan/Documents/GitHub/Fun/Qt_ws'], packages_ignore=None, packages_ignore_regex=None, paths=None, packages_up_to=None, packages_up_to_regex=None, packages_above=None, packages_above_and_dependencies=None, packages_above_depth=None, packages_select_by_dep=None, packages_skip_by_dep=None, packages_skip_up_to=None, packages_select_build_failed=False, packages_skip_build_finished=False, packages_select_test_failures=False, packages_skip_test_passed=False, packages_select=None, packages_skip=None, packages_select_regex=None, packages_skip_regex=None, packages_start=None, packages_end=None, allow_overriding=[], topological_order=False, names_only=False, paths_only=True, topological_graph=False, topological_graph_dot=False, topological_graph_density=False, topological_graph_legend=False, topological_graph_dot_cluster=False, topological_graph_dot_include_skipped=False, verb_parser=<colcon_defaults.argument_parser.defaults.DefaultArgumentsDecorator object at 0x7f564cebf250>, verb_extension=<colcon_package_information.verb.list.ListVerb object at 0x7f564d0a2620>, main=<bound method ListVerb.main of <colcon_package_information.verb.list.ListVerb object at 0x7f564d0a2620>>)
[0.701s] Level 1:colcon.colcon_core.package_discovery:discover_packages(colcon_meta) check parameters
[0.702s] Level 1:colcon.colcon_core.package_discovery:discover_packages(recursive) check parameters
[0.702s] Level 1:colcon.colcon_core.package_discovery:discover_packages(ignore) check parameters
[0.702s] Level 1:colcon.colcon_core.package_discovery:discover_packages(path) check parameters
[0.702s] Level 1:colcon.colcon_core.package_discovery:discover_packages(recursive) discover
[0.702s] INFO:colcon.colcon_core.package_discovery:Crawling recursively for packages in '/home/ehsan/Documents/GitHub/Fun/Qt_ws'
[0.702s] Level 1:colcon.colcon_core.package_identification:_identify(/home/ehsan/Documents/GitHub/Fun/Qt_ws) by extensions ['ignore', 'ignore_ament_install']
[0.702s] Level 1:colcon.colcon_core.package_identification:_identify(/home/ehsan/Documents/GitHub/Fun/Qt_ws) by extension 'ignore'
[0.703s] Level 1:colcon.colcon_core.package_identification:_identify(/home/ehsan/Documents/GitHub/Fun/Qt_ws) by extension 'ignore_ament_install'
[0.703s] Level 1:colcon.colcon_core.package_identification:_identify(/home/ehsan/Documents/GitHub/Fun/Qt_ws) by extensions ['colcon_pkg']
[0.703s] Level 1:colcon.colcon_core.package_identification:_identify(/home/ehsan/Documents/GitHub/Fun/Qt_ws) by extension 'colcon_pkg'
[0.703s] Level 1:colcon.colcon_core.package_identification:_identify(/home/ehsan/Documents/GitHub/Fun/Qt_ws) by extensions ['colcon_meta']
[0.703s] Level 1:colcon.colcon_core.package_identification:_identify(/home/ehsan/Documents/GitHub/Fun/Qt_ws) by extension 'colcon_meta'
[0.703s] Level 1:colcon.colcon_core.package_identification:_identify(/home/ehsan/Documents/GitHub/Fun/Qt_ws) by extensions ['ros']
[0.703s] Level 1:colcon.colcon_core.package_identification:_identify(/home/ehsan/Documents/GitHub/Fun/Qt_ws) by extension 'ros'
[0.726s] Level 1:colcon.colcon_core.package_identification:_identify(/home/ehsan/Documents/GitHub/Fun/Qt_ws) by extensions ['cmake', 'python']
[0.726s] Level 1:colcon.colcon_core.package_identification:_identify(/home/ehsan/Documents/GitHub/Fun/Qt_ws) by extension 'cmake'
[0.726s] Level 1:colcon.colcon_core.package_identification:_identify(/home/ehsan/Documents/GitHub/Fun/Qt_ws) by extension 'python'
[0.726s] Level 1:colcon.colcon_core.package_identification:_identify(/home/ehsan/Documents/GitHub/Fun/Qt_ws) by extensions ['python_setup_py']
[0.726s] Level 1:colcon.colcon_core.package_identification:_identify(/home/ehsan/Documents/GitHub/Fun/Qt_ws) by extension 'python_setup_py'
[0.727s] Level 1:colcon.colcon_core.package_identification:_identify(/home/ehsan/Documents/GitHub/Fun/Qt_ws/build) by extensions ['ignore', 'ignore_ament_install']
[0.727s] Level 1:colcon.colcon_core.package_identification:_identify(/home/ehsan/Documents/GitHub/Fun/Qt_ws/build) by extension 'ignore'
[0.727s] Level 1:colcon.colcon_core.package_identification:_identify(/home/ehsan/Documents/GitHub/Fun/Qt_ws/build) by extension 'ignore_ament_install'
[0.727s] Level 1:colcon.colcon_core.package_identification:_identify(/home/ehsan/Documents/GitHub/Fun/Qt_ws/build) by extensions ['colcon_pkg']
[0.727s] Level 1:colcon.colcon_core.package_identification:_identify(/home/ehsan/Documents/GitHub/Fun/Qt_ws/build) by extension 'colcon_pkg'
[0.727s] Level 1:colcon.colcon_core.package_identification:_identify(/home/ehsan/Documents/GitHub/Fun/Qt_ws/build) by extensions ['colcon_meta']
[0.727s] Level 1:colcon.colcon_core.package_identification:_identify(/home/ehsan/Documents/GitHub/Fun/Qt_ws/build) by extension 'colcon_meta'
[0.727s] Level 1:colcon.colcon_core.package_identification:_identify(/home/ehsan/Documents/GitHub/Fun/Qt_ws/build) by extensions ['ros']
[0.727s] Level 1:colcon.colcon_core.package_identification:_identify(/home/ehsan/Documents/GitHub/Fun/Qt_ws/build) by extension 'ros'
[0.728s] Level 1:colcon.colcon_core.package_identification:_identify(/home/ehsan/Documents/GitHub/Fun/Qt_ws/build) by extensions ['cmake', 'python']
[0.728s] Level 1:colcon.colcon_core.package_identification:_identify(/home/ehsan/Documents/GitHub/Fun/Qt_ws/build) by extension 'cmake'
[0.728s] Level 1:colcon.colcon_core.package_identification:_identify(/home/ehsan/Documents/GitHub/Fun/Qt_ws/build) by extension 'python'
[0.728s] Level 1:colcon.colcon_core.package_identification:_identify(/home/ehsan/Documents/GitHub/Fun/Qt_ws/build) by extensions ['python_setup_py']
[0.728s] Level 1:colcon.colcon_core.package_identification:_identify(/home/ehsan/Documents/GitHub/Fun/Qt_ws/build) by extension 'python_setup_py'
[0.728s] Level 1:colcon.colcon_core.package_identification:_identify(/home/ehsan/Documents/GitHub/Fun/Qt_ws/build/CMakeFiles) by extensions ['ignore', 'ignore_ament_install']
[0.728s] Level 1:colcon.colcon_core.package_identification:_identify(/home/ehsan/Documents/GitHub/Fun/Qt_ws/build/CMakeFiles) by extension 'ignore'
[0.728s] Level 1:colcon.colcon_core.package_identification:_identify(/home/ehsan/Documents/GitHub/Fun/Qt_ws/build/CMakeFiles) by extension 'ignore_ament_install'
[0.728s] Level 1:colcon.colcon_core.package_identification:_identify(/home/ehsan/Documents/GitHub/Fun/Qt_ws/build/CMakeFiles) by extensions ['colcon_pkg']
[0.729s] Level 1:colcon.colcon_core.package_identification:_identify(/home/ehsan/Documents/GitHub/Fun/Qt_ws/build/CMakeFiles) by extension 'colcon_pkg'
[0.729s] Level 1:colcon.colcon_core.package_identification:_identify(/home/ehsan/Documents/GitHub/Fun/Qt_ws/build/CMakeFiles) by extensions ['colcon_meta']
[0.729s] Level 1:colcon.colcon_core.package_identification:_identify(/home/ehsan/Documents/GitHub/Fun/Qt_ws/build/CMakeFiles) by extension 'colcon_meta'
[0.729s] Level 1:colcon.colcon_core.package_identification:_identify(/home/ehsan/Documents/GitHub/Fun/Qt_ws/build/CMakeFiles) by extensions ['ros']
[0.729s] Level 1:colcon.colcon_core.package_identification:_identify(/home/ehsan/Documents/GitHub/Fun/Qt_ws/build/CMakeFiles) by extension 'ros'
[0.729s] Level 1:colcon.colcon_core.package_identification:_identify(/home/ehsan/Documents/GitHub/Fun/Qt_ws/build/CMakeFiles) by extensions ['cmake', 'python']
[0.729s] Level 1:colcon.colcon_core.package_identification:_identify(/home/ehsan/Documents/GitHub/Fun/Qt_ws/build/CMakeFiles) by extension 'cmake'
[0.729s] Level 1:colcon.colcon_core.package_identification:_identify(/home/ehsan/Documents/GitHub/Fun/Qt_ws/build/CMakeFiles) by extension 'python'
[0.729s] Level 1:colcon.colcon_core.package_identification:_identify(/home/ehsan/Documents/GitHub/Fun/Qt_ws/build/CMakeFiles) by extensions ['python_setup_py']
[0.729s] Level 1:colcon.colcon_core.package_identification:_identify(/home/ehsan/Documents/GitHub/Fun/Qt_ws/build/CMakeFiles) by extension 'python_setup_py'
[0.729s] Level 1:colcon.colcon_core.package_identification:_identify(/home/ehsan/Documents/GitHub/Fun/Qt_ws/build/CMakeFiles/3.22.1) by extensions ['ignore', 'ignore_ament_install']
[0.730s] Level 1:colcon.colcon_core.package_identification:_identify(/home/ehsan/Documents/GitHub/Fun/Qt_ws/build/CMakeFiles/3.22.1) by extension 'ignore'
[0.730s] Level 1:colcon.colcon_core.package_identification:_identify(/home/ehsan/Documents/GitHub/Fun/Qt_ws/build/CMakeFiles/3.22.1) by extension 'ignore_ament_install'
[0.730s] Level 1:colcon.colcon_core.package_identification:_identify(/home/ehsan/Documents/GitHub/Fun/Qt_ws/build/CMakeFiles/3.22.1) by extensions ['colcon_pkg']
[0.730s] Level 1:colcon.colcon_core.package_identification:_identify(/home/ehsan/Documents/GitHub/Fun/Qt_ws/build/CMakeFiles/3.22.1) by extension 'colcon_pkg'
[0.730s] Level 1:colcon.colcon_core.package_identification:_identify(/home/ehsan/Documents/GitHub/Fun/Qt_ws/build/CMakeFiles/3.22.1) by extensions ['colcon_meta']
[0.730s] Level 1:colcon.colcon_core.package_identification:_identify(/home/ehsan/Documents/GitHub/Fun/Qt_ws/build/CMakeFiles/3.22.1) by extension 'colcon_meta'
[0.730s] Level 1:colcon.colcon_core.package_identification:_identify(/home/ehsan/Documents/GitHub/Fun/Qt_ws/build/CMakeFiles/3.22.1) by extensions ['ros']
[0.730s] Level 1:colcon.colcon_core.package_identification:_identify(/home/ehsan/Documents/GitHub/Fun/Qt_ws/build/CMakeFiles/3.22.1) by extension 'ros'
[0.730s] Level 1:colcon.colcon_core.package_identification:_identify(/home/ehsan/Documents/GitHub/Fun/Qt_ws/build/CMakeFiles/3.22.1) by extensions ['cmake', 'python']
[0.730s] Level 1:colcon.colcon_core.package_identification:_identify(/home/ehsan/Documents/GitHub/Fun/Qt_ws/build/CMakeFiles/3.22.1) by extension 'cmake'
[0.730s] Level 1:colcon.colcon_core.package_identification:_identify(/home/ehsan/Documents/GitHub/Fun/Qt_ws/build/CMakeFiles/3.22.1) by extension 'python'
[0.730s] Level 1:colcon.colcon_core.package_identification:_identify(/home/ehsan/Documents/GitHub/Fun/Qt_ws/build/CMakeFiles/3.22.1) by extensions ['python_setup_py']
[0.730s] Level 1:colcon.colcon_core.package_identification:_identify(/home/ehsan/Documents/GitHub/Fun/Qt_ws/build/CMakeFiles/3.22.1) by extension 'python_setup_py'
[0.731s] Level 1:colcon.colcon_core.package_identification:_identify(/home/ehsan/Documents/GitHub/Fun/Qt_ws/build/CMakeFiles/3.22.1/CompilerIdC) by extensions ['ignore', 'ignore_ament_install']
[0.731s] Level 1:colcon.colcon_core.package_identification:_identify(/home/ehsan/Documents/GitHub/Fun/Qt_ws/build/CMakeFiles/3.22.1/CompilerIdC) by extension 'ignore'
[0.731s] Level 1:colcon.colcon_core.package_identification:_identify(/home/ehsan/Documents/GitHub/Fun/Qt_ws/build/CMakeFiles/3.22.1/CompilerIdC) by extension 'ignore_ament_install'
[0.731s] Level 1:colcon.colcon_core.package_identification:_identify(/home/ehsan/Documents/GitHub/Fun/Qt_ws/build/CMakeFiles/3.22.1/CompilerIdC) by extensions ['colcon_pkg']
[0.731s] Level 1:colcon.colcon_core.package_identification:_identify(/home/ehsan/Documents/GitHub/Fun/Qt_ws/build/CMakeFiles/3.22.1/CompilerIdC) by extension 'colcon_pkg'
[0.731s] Level 1:colcon.colcon_core.package_identification:_identify(/home/ehsan/Documents/GitHub/Fun/Qt_ws/build/CMakeFiles/3.22.1/CompilerIdC) by extensions ['colcon_meta']
[0.731s] Level 1:colcon.colcon_core.package_identification:_identify(/home/ehsan/Documents/GitHub/Fun/Qt_ws/build/CMakeFiles/3.22.1/CompilerIdC) by extension 'colcon_meta'
[0.731s] Level 1:colcon.colcon_core.package_identification:_identify(/home/ehsan/Documents/GitHub/Fun/Qt_ws/build/CMakeFiles/3.22.1/CompilerIdC) by extensions ['ros']
[0.731s] Level 1:colcon.colcon_core.package_identification:_identify(/home/ehsan/Documents/GitHub/Fun/Qt_ws/build/CMakeFiles/3.22.1/CompilerIdC) by extension 'ros'
[0.731s] Level 1:colcon.colcon_core.package_identification:_identify(/home/ehsan/Documents/GitHub/Fun/Qt_ws/build/CMakeFiles/3.22.1/CompilerIdC) by extensions ['cmake', 'python']
[0.731s] Level 1:colcon.colcon_core.package_identification:_identify(/home/ehsan/Documents/GitHub/Fun/Qt_ws/build/CMakeFiles/3.22.1/CompilerIdC) by extension 'cmake'
[0.732s] Level 1:colcon.colcon_core.package_identification:_identify(/home/ehsan/Documents/GitHub/Fun/Qt_ws/build/CMakeFiles/3.22.1/CompilerIdC) by extension 'python'
[0.732s] Level 1:colcon.colcon_core.package_identification:_identify(/home/ehsan/Documents/GitHub/Fun/Qt_ws/build/CMakeFiles/3.22.1/CompilerIdC) by extensions ['python_setup_py']
[0.732s] Level 1:colcon.colcon_core.package_identification:_identify(/home/ehsan/Documents/GitHub/Fun/Qt_ws/build/CMakeFiles/3.22.1/CompilerIdC) by extension 'python_setup_py'
[0.732s] Level 1:colcon.colcon_core.package_identification:_identify(/home/ehsan/Documents/GitHub/Fun/Qt_ws/build/CMakeFiles/3.22.1/CompilerIdC/tmp) by extensions ['ignore', 'ignore_ament_install']
[0.732s] Level 1:colcon.colcon_core.package_identification:_identify(/home/ehsan/Documents/GitHub/Fun/Qt_ws/build/CMakeFiles/3.22.1/CompilerIdC/tmp) by extension 'ignore'
[0.732s] Level 1:colcon.colcon_core.package_identification:_identify(/home/ehsan/Documents/GitHub/Fun/Qt_ws/build/CMakeFiles/3.22.1/CompilerIdC/tmp) by extension 'ignore_ament_install'
[0.732s] Level 1:colcon.colcon_core.package_identification:_identify(/home/ehsan/Documents/GitHub/Fun/Qt_ws/build/CMakeFiles/3.22.1/CompilerIdC/tmp) by extensions ['colcon_pkg']
[0.732s] Level 1:colcon.colcon_core.package_identification:_identify(/home/ehsan/Documents/GitHub/Fun/Qt_ws/build/CMakeFiles/3.22.1/CompilerIdC/tmp) by extension 'colcon_pkg'
[0.732s] Level 1:colcon.colcon_core.package_identification:_identify(/home/ehsan/Documents/GitHub/Fun/Qt_ws/build/CMakeFiles/3.22.1/CompilerIdC/tmp) by extensions ['colcon_meta']
[0.732s] Level 1:colcon.colcon_core.package_identification:_identify(/home/ehsan/Documents/GitHub/Fun/Qt_ws/build/CMakeFiles/3.22.1/CompilerIdC/tmp) by extension 'colcon_meta'
[0.732s] Level 1:colcon.colcon_core.package_identification:_identify(/home/ehsan/Documents/GitHub/Fun/Qt_ws/build/CMakeFiles/3.22.1/CompilerIdC/tmp) by extensions ['ros']
[0.733s] Level 1:colcon.colcon_core.package_identification:_identify(/home/ehsan/Documents/GitHub/Fun/Qt_ws/build/CMakeFiles/3.22.1/CompilerIdC/tmp) by extension 'ros'
[0.733s] Level 1:colcon.colcon_core.package_identification:_identify(/home/ehsan/Documents/GitHub/Fun/Qt_ws/build/CMakeFiles/3.22.1/CompilerIdC/tmp) by extensions ['cmake', 'python']
[0.733s] Level 1:colcon.colcon_core.package_identification:_identify(/home/ehsan/Documents/GitHub/Fun/Qt_ws/build/CMakeFiles/3.22.1/CompilerIdC/tmp) by extension 'cmake'
[0.733s] Level 1:colcon.colcon_core.package_identification:_identify(/home/ehsan/Documents/GitHub/Fun/Qt_ws/build/CMakeFiles/3.22.1/CompilerIdC/tmp) by extension 'python'
[0.733s] Level 1:colcon.colcon_core.package_identification:_identify(/home/ehsan/Documents/GitHub/Fun/Qt_ws/build/CMakeFiles/3.22.1/CompilerIdC/tmp) by extensions ['python_setup_py']
[0.733s] Level 1:colcon.colcon_core.package_identification:_identify(/home/ehsan/Documents/GitHub/Fun/Qt_ws/build/CMakeFiles/3.22.1/CompilerIdC/tmp) by extension 'python_setup_py'
[0.733s] Level 1:colcon.colcon_core.package_identification:_identify(/home/ehsan/Documents/GitHub/Fun/Qt_ws/build/CMakeFiles/3.22.1/CompilerIdCXX) by extensions ['ignore', 'ignore_ament_install']
[0.733s] Level 1:colcon.colcon_core.package_identification:_identify(/home/ehsan/Documents/GitHub/Fun/Qt_ws/build/CMakeFiles/3.22.1/CompilerIdCXX) by extension 'ignore'
[0.733s] Level 1:colcon.colcon_core.package_identification:_identify(/home/ehsan/Documents/GitHub/Fun/Qt_ws/build/CMakeFiles/3.22.1/CompilerIdCXX) by extension 'ignore_ament_install'
[0.733s] Level 1:colcon.colcon_core.package_identification:_identify(/home/ehsan/Documents/GitHub/Fun/Qt_ws/build/CMakeFiles/3.22.1/CompilerIdCXX) by extensions ['colcon_pkg']
[0.734s] Level 1:colcon.colcon_core.package_identification:_identify(/home/ehsan/Documents/GitHub/Fun/Qt_ws/build/CMakeFiles/3.22.1/CompilerIdCXX) by extension 'colcon_pkg'
[0.734s] Level 1:colcon.colcon_core.package_identification:_identify(/home/ehsan/Documents/GitHub/Fun/Qt_ws/build/CMakeFiles/3.22.1/CompilerIdCXX) by extensions ['colcon_meta']
[0.734s] Level 1:colcon.colcon_core.package_identification:_identify(/home/ehsan/Documents/GitHub/Fun/Qt_ws/build/CMakeFiles/3.22.1/CompilerIdCXX) by extension 'colcon_meta'
[0.734s] Level 1:colcon.colcon_core.package_identification:_identify(/home/ehsan/Documents/GitHub/Fun/Qt_ws/build/CMakeFiles/3.22.1/CompilerIdCXX) by extensions ['ros']
[0.734s] Level 1:colcon.colcon_core.package_identification:_identify(/home/ehsan/Documents/GitHub/Fun/Qt_ws/build/CMakeFiles/3.22.1/CompilerIdCXX) by extension 'ros'
[0.734s] Level 1:colcon.colcon_core.package_identification:_identify(/home/ehsan/Documents/GitHub/Fun/Qt_ws/build/CMakeFiles/3.22.1/CompilerIdCXX) by extensions ['cmake', 'python']
[0.734s] Level 1:colcon.colcon_core.package_identification:_identify(/home/ehsan/Documents/GitHub/Fun/Qt_ws/build/CMakeFiles/3.22.1/CompilerIdCXX) by extension 'cmake'
[0.734s] Level 1:colcon.colcon_core.package_identification:_identify(/home/ehsan/Documents/GitHub/Fun/Qt_ws/build/CMakeFiles/3.22.1/CompilerIdCXX) by extension 'python'
[0.734s] Level 1:colcon.colcon_core.package_identification:_identify(/home/ehsan/Documents/GitHub/Fun/Qt_ws/build/CMakeFiles/3.22.1/CompilerIdCXX) by extensions ['python_setup_py']
[0.734s] Level 1:colcon.colcon_core.package_identification:_identify(/home/ehsan/Documents/GitHub/Fun/Qt_ws/build/CMakeFiles/3.22.1/CompilerIdCXX) by extension 'python_setup_py'
[0.734s] Level 1:colcon.colcon_core.package_identification:_identify(/home/ehsan/Documents/GitHub/Fun/Qt_ws/build/CMakeFiles/3.22.1/CompilerIdCXX/tmp) by extensions ['ignore', 'ignore_ament_install']
[0.735s] Level 1:colcon.colcon_core.package_identification:_identify(/home/ehsan/Documents/GitHub/Fun/Qt_ws/build/CMakeFiles/3.22.1/CompilerIdCXX/tmp) by extension 'ignore'
[0.735s] Level 1:colcon.colcon_core.package_identification:_identify(/home/ehsan/Documents/GitHub/Fun/Qt_ws/build/CMakeFiles/3.22.1/CompilerIdCXX/tmp) by extension 'ignore_ament_install'
[0.735s] Level 1:colcon.colcon_core.package_identification:_identify(/home/ehsan/Documents/GitHub/Fun/Qt_ws/build/CMakeFiles/3.22.1/CompilerIdCXX/tmp) by extensions ['colcon_pkg']
[0.735s] Level 1:colcon.colcon_core.package_identification:_identify(/home/ehsan/Documents/GitHub/Fun/Qt_ws/build/CMakeFiles/3.22.1/CompilerIdCXX/tmp) by extension 'colcon_pkg'
[0.735s] Level 1:colcon.colcon_core.package_identification:_identify(/home/ehsan/Documents/GitHub/Fun/Qt_ws/build/CMakeFiles/3.22.1/CompilerIdCXX/tmp) by extensions ['colcon_meta']
[0.735s] Level 1:colcon.colcon_core.package_identification:_identify(/home/ehsan/Documents/GitHub/Fun/Qt_ws/build/CMakeFiles/3.22.1/CompilerIdCXX/tmp) by extension 'colcon_meta'
[0.735s] Level 1:colcon.colcon_core.package_identification:_identify(/home/ehsan/Documents/GitHub/Fun/Qt_ws/build/CMakeFiles/3.22.1/CompilerIdCXX/tmp) by extensions ['ros']
[0.735s] Level 1:colcon.colcon_core.package_identification:_identify(/home/ehsan/Documents/GitHub/Fun/Qt_ws/build/CMakeFiles/3.22.1/CompilerIdCXX/tmp) by extension 'ros'
[0.735s] Level 1:colcon.colcon_core.package_identification:_identify(/home/ehsan/Documents/GitHub/Fun/Qt_ws/build/CMakeFiles/3.22.1/CompilerIdCXX/tmp) by extensions ['cmake', 'python']
[0.735s] Level 1:colcon.colcon_core.package_identification:_identify(/home/ehsan/Documents/GitHub/Fun/Qt_ws/build/CMakeFiles/3.22.1/CompilerIdCXX/tmp) by extension 'cmake'
[0.735s] Level 1:colcon.colcon_core.package_identification:_identify(/home/ehsan/Documents/GitHub/Fun/Qt_ws/build/CMakeFiles/3.22.1/CompilerIdCXX/tmp) by extension 'python'
[0.735s] Level 1:colcon.colcon_core.package_identification:_identify(/home/ehsan/Documents/GitHub/Fun/Qt_ws/build/CMakeFiles/3.22.1/CompilerIdCXX/tmp) by extensions ['python_setup_py']
[0.736s] Level 1:colcon.colcon_core.package_identification:_identify(/home/ehsan/Documents/GitHub/Fun/Qt_ws/build/CMakeFiles/3.22.1/CompilerIdCXX/tmp) by extension 'python_setup_py'
[0.736s] Level 1:colcon.colcon_core.package_identification:_identify(/home/ehsan/Documents/GitHub/Fun/Qt_ws/build/CMakeFiles/CMakeTmp) by extensions ['ignore', 'ignore_ament_install']
[0.736s] Level 1:colcon.colcon_core.package_identification:_identify(/home/ehsan/Documents/GitHub/Fun/Qt_ws/build/CMakeFiles/CMakeTmp) by extension 'ignore'
[0.736s] Level 1:colcon.colcon_core.package_identification:_identify(/home/ehsan/Documents/GitHub/Fun/Qt_ws/build/CMakeFiles/CMakeTmp) by extension 'ignore_ament_install'
[0.736s] Level 1:colcon.colcon_core.package_identification:_identify(/home/ehsan/Documents/GitHub/Fun/Qt_ws/build/CMakeFiles/CMakeTmp) by extensions ['colcon_pkg']
[0.736s] Level 1:colcon.colcon_core.package_identification:_identify(/home/ehsan/Documents/GitHub/Fun/Qt_ws/build/CMakeFiles/CMakeTmp) by extension 'colcon_pkg'
[0.736s] Level 1:colcon.colcon_core.package_identification:_identify(/home/ehsan/Documents/GitHub/Fun/Qt_ws/build/CMakeFiles/CMakeTmp) by extensions ['colcon_meta']
[0.736s] Level 1:colcon.colcon_core.package_identification:_identify(/home/ehsan/Documents/GitHub/Fun/Qt_ws/build/CMakeFiles/CMakeTmp) by extension 'colcon_meta'
[0.736s] Level 1:colcon.colcon_core.package_identification:_identify(/home/ehsan/Documents/GitHub/Fun/Qt_ws/build/CMakeFiles/CMakeTmp) by extensions ['ros']
[0.736s] Level 1:colcon.colcon_core.package_identification:_identify(/home/ehsan/Documents/GitHub/Fun/Qt_ws/build/CMakeFiles/CMakeTmp) by extension 'ros'
[0.737s] Level 1:colcon.colcon_core.package_identification:_identify(/home/ehsan/Documents/GitHub/Fun/Qt_ws/build/CMakeFiles/CMakeTmp) by extensions ['cmake', 'python']
[0.737s] Level 1:colcon.colcon_core.package_identification:_identify(/home/ehsan/Documents/GitHub/Fun/Qt_ws/build/CMakeFiles/CMakeTmp) by extension 'cmake'
[0.737s] Level 1:colcon.colcon_core.package_identification:_identify(/home/ehsan/Documents/GitHub/Fun/Qt_ws/build/CMakeFiles/CMakeTmp) by extension 'python'
[0.737s] Level 1:colcon.colcon_core.package_identification:_identify(/home/ehsan/Documents/GitHub/Fun/Qt_ws/build/CMakeFiles/CMakeTmp) by extensions ['python_setup_py']
[0.737s] Level 1:colcon.colcon_core.package_identification:_identify(/home/ehsan/Documents/GitHub/Fun/Qt_ws/build/CMakeFiles/CMakeTmp) by extension 'python_setup_py'
[0.737s] Level 1:colcon.colcon_core.package_identification:_identify(/home/ehsan/Documents/GitHub/Fun/Qt_ws/build/CMakeFiles/Progress) by extensions ['ignore', 'ignore_ament_install']
[0.737s] Level 1:colcon.colcon_core.package_identification:_identify(/home/ehsan/Documents/GitHub/Fun/Qt_ws/build/CMakeFiles/Progress) by extension 'ignore'
[0.737s] Level 1:colcon.colcon_core.package_identification:_identify(/home/ehsan/Documents/GitHub/Fun/Qt_ws/build/CMakeFiles/Progress) by extension 'ignore_ament_install'
[0.737s] Level 1:colcon.colcon_core.package_identification:_identify(/home/ehsan/Documents/GitHub/Fun/Qt_ws/build/CMakeFiles/Progress) by extensions ['colcon_pkg']
[0.737s] Level 1:colcon.colcon_core.package_identification:_identify(/home/ehsan/Documents/GitHub/Fun/Qt_ws/build/CMakeFiles/Progress) by extension 'colcon_pkg'
[0.738s] Level 1:colcon.colcon_core.package_identification:_identify(/home/ehsan/Documents/GitHub/Fun/Qt_ws/build/CMakeFiles/Progress) by extensions ['colcon_meta']
[0.738s] Level 1:colcon.colcon_core.package_identification:_identify(/home/ehsan/Documents/GitHub/Fun/Qt_ws/build/CMakeFiles/Progress) by extension 'colcon_meta'
[0.738s] Level 1:colcon.colcon_core.package_identification:_identify(/home/ehsan/Documents/GitHub/Fun/Qt_ws/build/CMakeFiles/Progress) by extensions ['ros']
[0.738s] Level 1:colcon.colcon_core.package_identification:_identify(/home/ehsan/Documents/GitHub/Fun/Qt_ws/build/CMakeFiles/Progress) by extension 'ros'
[0.738s] Level 1:colcon.colcon_core.package_identification:_identify(/home/ehsan/Documents/GitHub/Fun/Qt_ws/build/CMakeFiles/Progress) by extensions ['cmake', 'python']
[0.738s] Level 1:colcon.colcon_core.package_identification:_identify(/home/ehsan/Documents/GitHub/Fun/Qt_ws/build/CMakeFiles/Progress) by extension 'cmake'
[0.738s] Level 1:colcon.colcon_core.package_identification:_identify(/home/ehsan/Documents/GitHub/Fun/Qt_ws/build/CMakeFiles/Progress) by extension 'python'
[0.738s] Level 1:colcon.colcon_core.package_identification:_identify(/home/ehsan/Documents/GitHub/Fun/Qt_ws/build/CMakeFiles/Progress) by extensions ['python_setup_py']
[0.738s] Level 1:colcon.colcon_core.package_identification:_identify(/home/ehsan/Documents/GitHub/Fun/Qt_ws/build/CMakeFiles/Progress) by extension 'python_setup_py'
[0.738s] Level 1:colcon.colcon_core.package_identification:_identify(/home/ehsan/Documents/GitHub/Fun/Qt_ws/build/CMakeFiles/SayHi2.dir) by extensions ['ignore', 'ignore_ament_install']
[0.738s] Level 1:colcon.colcon_core.package_identification:_identify(/home/ehsan/Documents/GitHub/Fun/Qt_ws/build/CMakeFiles/SayHi2.dir) by extension 'ignore'
[0.739s] Level 1:colcon.colcon_core.package_identification:_identify(/home/ehsan/Documents/GitHub/Fun/Qt_ws/build/CMakeFiles/SayHi2.dir) by extension 'ignore_ament_install'
[0.739s] Level 1:colcon.colcon_core.package_identification:_identify(/home/ehsan/Documents/GitHub/Fun/Qt_ws/build/CMakeFiles/SayHi2.dir) by extensions ['colcon_pkg']
[0.739s] Level 1:colcon.colcon_core.package_identification:_identify(/home/ehsan/Documents/GitHub/Fun/Qt_ws/build/CMakeFiles/SayHi2.dir) by extension 'colcon_pkg'
[0.739s] Level 1:colcon.colcon_core.package_identification:_identify(/home/ehsan/Documents/GitHub/Fun/Qt_ws/build/CMakeFiles/SayHi2.dir) by extensions ['colcon_meta']
[0.739s] Level 1:colcon.colcon_core.package_identification:_identify(/home/ehsan/Documents/GitHub/Fun/Qt_ws/build/CMakeFiles/SayHi2.dir) by extension 'colcon_meta'
[0.739s] Level 1:colcon.colcon_core.package_identification:_identify(/home/ehsan/Documents/GitHub/Fun/Qt_ws/build/CMakeFiles/SayHi2.dir) by extensions ['ros']
[0.739s] Level 1:colcon.colcon_core.package_identification:_identify(/home/ehsan/Documents/GitHub/Fun/Qt_ws/build/CMakeFiles/SayHi2.dir) by extension 'ros'
[0.739s] Level 1:colcon.colcon_core.package_identification:_identify(/home/ehsan/Documents/GitHub/Fun/Qt_ws/build/CMakeFiles/SayHi2.dir) by extensions ['cmake', 'python']
[0.739s] Level 1:colcon.colcon_core.package_identification:_identify(/home/ehsan/Documents/GitHub/Fun/Qt_ws/build/CMakeFiles/SayHi2.dir) by extension 'cmake'
[0.739s] Level 1:colcon.colcon_core.package_identification:_identify(/home/ehsan/Documents/GitHub/Fun/Qt_ws/build/CMakeFiles/SayHi2.dir) by extension 'python'
[0.739s] Level 1:colcon.colcon_core.package_identification:_identify(/home/ehsan/Documents/GitHub/Fun/Qt_ws/build/CMakeFiles/SayHi2.dir) by extensions ['python_setup_py']
[0.739s] Level 1:colcon.colcon_core.package_identification:_identify(/home/ehsan/Documents/GitHub/Fun/Qt_ws/build/CMakeFiles/SayHi2.dir) by extension 'python_setup_py'
[0.740s] Level 1:colcon.colcon_core.package_identification:_identify(/home/ehsan/Documents/GitHub/Fun/Qt_ws/log) by extensions ['ignore', 'ignore_ament_install']
[0.740s] Level 1:colcon.colcon_core.package_identification:_identify(/home/ehsan/Documents/GitHub/Fun/Qt_ws/log) by extension 'ignore'
[0.740s] Level 1:colcon.colcon_core.package_identification:_identify(/home/ehsan/Documents/GitHub/Fun/Qt_ws/log) ignored
[0.740s] Level 1:colcon.colcon_core.package_identification:_identify(/home/ehsan/Documents/GitHub/Fun/Qt_ws/src) by extensions ['ignore', 'ignore_ament_install']
[0.740s] Level 1:colcon.colcon_core.package_identification:_identify(/home/ehsan/Documents/GitHub/Fun/Qt_ws/src) by extension 'ignore'
[0.740s] Level 1:colcon.colcon_core.package_identification:_identify(/home/ehsan/Documents/GitHub/Fun/Qt_ws/src) by extension 'ignore_ament_install'
[0.740s] Level 1:colcon.colcon_core.package_identification:_identify(/home/ehsan/Documents/GitHub/Fun/Qt_ws/src) by extensions ['colcon_pkg']
[0.740s] Level 1:colcon.colcon_core.package_identification:_identify(/home/ehsan/Documents/GitHub/Fun/Qt_ws/src) by extension 'colcon_pkg'
[0.740s] Level 1:colcon.colcon_core.package_identification:_identify(/home/ehsan/Documents/GitHub/Fun/Qt_ws/src) by extensions ['colcon_meta']
[0.740s] Level 1:colcon.colcon_core.package_identification:_identify(/home/ehsan/Documents/GitHub/Fun/Qt_ws/src) by extension 'colcon_meta'
[0.741s] Level 1:colcon.colcon_core.package_identification:_identify(/home/ehsan/Documents/GitHub/Fun/Qt_ws/src) by extensions ['ros']
[0.741s] Level 1:colcon.colcon_core.package_identification:_identify(/home/ehsan/Documents/GitHub/Fun/Qt_ws/src) by extension 'ros'
[0.741s] Level 1:colcon.colcon_core.package_identification:_identify(/home/ehsan/Documents/GitHub/Fun/Qt_ws/src) by extensions ['cmake', 'python']
[0.741s] Level 1:colcon.colcon_core.package_identification:_identify(/home/ehsan/Documents/GitHub/Fun/Qt_ws/src) by extension 'cmake'
[0.741s] Level 1:colcon.colcon_core.package_identification:_identify(/home/ehsan/Documents/GitHub/Fun/Qt_ws/src) by extension 'python'
[0.741s] Level 1:colcon.colcon_core.package_identification:_identify(/home/ehsan/Documents/GitHub/Fun/Qt_ws/src) by extensions ['python_setup_py']
[0.741s] Level 1:colcon.colcon_core.package_identification:_identify(/home/ehsan/Documents/GitHub/Fun/Qt_ws/src) by extension 'python_setup_py'
[0.741s] Level 1:colcon.colcon_core.package_identification:_identify(/home/ehsan/Documents/GitHub/Fun/Qt_ws/src/SayHi) by extensions ['ignore', 'ignore_ament_install']
[0.742s] Level 1:colcon.colcon_core.package_identification:_identify(/home/ehsan/Documents/GitHub/Fun/Qt_ws/src/SayHi) by extension 'ignore'
[0.742s] Level 1:colcon.colcon_core.package_identification:_identify(/home/ehsan/Documents/GitHub/Fun/Qt_ws/src/SayHi) by extension 'ignore_ament_install'
[0.742s] Level 1:colcon.colcon_core.package_identification:_identify(/home/ehsan/Documents/GitHub/Fun/Qt_ws/src/SayHi) by extensions ['colcon_pkg']
[0.742s] Level 1:colcon.colcon_core.package_identification:_identify(/home/ehsan/Documents/GitHub/Fun/Qt_ws/src/SayHi) by extension 'colcon_pkg'
[0.742s] Level 1:colcon.colcon_core.package_identification:_identify(/home/ehsan/Documents/GitHub/Fun/Qt_ws/src/SayHi) by extensions ['colcon_meta']
[0.742s] Level 1:colcon.colcon_core.package_identification:_identify(/home/ehsan/Documents/GitHub/Fun/Qt_ws/src/SayHi) by extension 'colcon_meta'
[0.742s] Level 1:colcon.colcon_core.package_identification:_identify(/home/ehsan/Documents/GitHub/Fun/Qt_ws/src/SayHi) by extensions ['ros']
[0.742s] Level 1:colcon.colcon_core.package_identification:_identify(/home/ehsan/Documents/GitHub/Fun/Qt_ws/src/SayHi) by extension 'ros'
[0.742s] Level 1:colcon.colcon_core.package_identification:_identify(/home/ehsan/Documents/GitHub/Fun/Qt_ws/src/SayHi) by extensions ['cmake', 'python']
[0.742s] Level 1:colcon.colcon_core.package_identification:_identify(/home/ehsan/Documents/GitHub/Fun/Qt_ws/src/SayHi) by extension 'cmake'
[0.758s] Level 1:colcon.colcon_core.package_identification:_identify(/home/ehsan/Documents/GitHub/Fun/Qt_ws/src/SayHi) by extension 'python'
[0.758s] DEBUG:colcon.colcon_core.package_identification:Package '/home/ehsan/Documents/GitHub/Fun/Qt_ws/src/SayHi' with type 'cmake' and name 'sayHello'
[0.758s] Level 1:colcon.colcon_core.package_identification:_identify(/home/ehsan/Documents/GitHub/Fun/Qt_ws/src/Sayhi2) by extensions ['ignore', 'ignore_ament_install']
[0.758s] Level 1:colcon.colcon_core.package_identification:_identify(/home/ehsan/Documents/GitHub/Fun/Qt_ws/src/Sayhi2) by extension 'ignore'
[0.759s] Level 1:colcon.colcon_core.package_identification:_identify(/home/ehsan/Documents/GitHub/Fun/Qt_ws/src/Sayhi2) by extension 'ignore_ament_install'
[0.759s] Level 1:colcon.colcon_core.package_identification:_identify(/home/ehsan/Documents/GitHub/Fun/Qt_ws/src/Sayhi2) by extensions ['colcon_pkg']
[0.759s] Level 1:colcon.colcon_core.package_identification:_identify(/home/ehsan/Documents/GitHub/Fun/Qt_ws/src/Sayhi2) by extension 'colcon_pkg'
[0.759s] Level 1:colcon.colcon_core.package_identification:_identify(/home/ehsan/Documents/GitHub/Fun/Qt_ws/src/Sayhi2) by extensions ['colcon_meta']
[0.759s] Level 1:colcon.colcon_core.package_identification:_identify(/home/ehsan/Documents/GitHub/Fun/Qt_ws/src/Sayhi2) by extension 'colcon_meta'
[0.759s] Level 1:colcon.colcon_core.package_identification:_identify(/home/ehsan/Documents/GitHub/Fun/Qt_ws/src/Sayhi2) by extensions ['ros']
[0.759s] Level 1:colcon.colcon_core.package_identification:_identify(/home/ehsan/Documents/GitHub/Fun/Qt_ws/src/Sayhi2) by extension 'ros'
[0.759s] Level 1:colcon.colcon_core.package_identification:_identify(/home/ehsan/Documents/GitHub/Fun/Qt_ws/src/Sayhi2) by extensions ['cmake', 'python']
[0.759s] Level 1:colcon.colcon_core.package_identification:_identify(/home/ehsan/Documents/GitHub/Fun/Qt_ws/src/Sayhi2) by extension 'cmake'
[0.759s] Level 1:colcon.colcon_core.package_identification:_identify(/home/ehsan/Documents/GitHub/Fun/Qt_ws/src/Sayhi2) by extension 'python'
[0.759s] Level 1:colcon.colcon_core.package_identification:_identify(/home/ehsan/Documents/GitHub/Fun/Qt_ws/src/Sayhi2) by extensions ['python_setup_py']
[0.760s] Level 1:colcon.colcon_core.package_identification:_identify(/home/ehsan/Documents/GitHub/Fun/Qt_ws/src/Sayhi2) by extension 'python_setup_py'
[0.760s] Level 1:colcon.colcon_core.package_discovery:discover_packages(recursive) using defaults
